Determining if the pthread_create exist failed with the following output:
Change Dir: /home/nicolas_b/ros_ws/src/robot_arm_ctrl/CMakeFiles/CMakeTmp

Run Build Command:"/usr/bin/make" "cmTC_190ec/fast"
/usr/bin/make -f CMakeFiles/cmTC_190ec.dir/build.make CMakeFiles/cmTC_190ec.dir/build
make[1]: Entering directory '/home/nicolas_b/ros_ws/src/robot_arm_ctrl/CMakeFiles/CMakeTmp'
Building C object CMakeFiles/cmTC_190ec.dir/CheckSymbolExists.c.o
/usr/bin/cc     -o CMakeFiles/cmTC_190ec.dir/CheckSymbolExists.c.o   -c /home/nicolas_b/ros_ws/src/robot_arm_ctrl/CMakeFiles/CMakeTmp/CheckSymbolExists.c
Linking C executable cmTC_190ec
/usr/bin/cmake -E cmake_link_script CMakeFiles/cmTC_190ec.dir/link.txt --verbose=1
/usr/bin/cc       CMakeFiles/cmTC_190ec.dir/CheckSymbolExists.c.o  -o cmTC_190ec -rdynamic 
CMakeFiles/cmTC_190ec.dir/CheckSymbolExists.c.o: In function `main':
CheckSymbolExists.c:(.text+0x16): undefined reference to `pthread_create'
collect2: error: ld returned 1 exit status
CMakeFiles/cmTC_190ec.dir/build.make:97: recipe for target 'cmTC_190ec' failed
make[1]: *** [cmTC_190ec] Error 1
make[1]: Leaving directory '/home/nicolas_b/ros_ws/src/robot_arm_ctrl/CMakeFiles/CMakeTmp'
Makefile:126: recipe for target 'cmTC_190ec/fast' failed
make: *** [cmTC_190ec/fast] Error 2

File /home/nicolas_b/ros_ws/src/robot_arm_ctrl/CMakeFiles/CMakeTmp/CheckSymbolExists.c:
/* */
#include <pthread.h>

int main(int argc, char** argv)
{
  (void)argv;
#ifndef pthread_create
  return ((int*)(&pthread_create))[argc];
#else
  (void)argc;
  return 0;
#endif
}

Determining if the function pthread_create exists in the pthreads failed with the following output:
Change Dir: /home/nicolas_b/ros_ws/src/robot_arm_ctrl/CMakeFiles/CMakeTmp

Run Build Command:"/usr/bin/make" "cmTC_7d668/fast"
/usr/bin/make -f CMakeFiles/cmTC_7d668.dir/build.make CMakeFiles/cmTC_7d668.dir/build
make[1]: Entering directory '/home/nicolas_b/ros_ws/src/robot_arm_ctrl/CMakeFiles/CMakeTmp'
Building C object CMakeFiles/cmTC_7d668.dir/CheckFunctionExists.c.o
/usr/bin/cc    -DCHECK_FUNCTION_EXISTS=pthread_create   -o CMakeFiles/cmTC_7d668.dir/CheckFunctionExists.c.o   -c /usr/share/cmake-3.5/Modules/CheckFunctionExists.c
Linking C executable cmTC_7d668
/usr/bin/cmake -E cmake_link_script CMakeFiles/cmTC_7d668.dir/link.txt --verbose=1
/usr/bin/cc   -DCHECK_FUNCTION_EXISTS=pthread_create    CMakeFiles/cmTC_7d668.dir/CheckFunctionExists.c.o  -o cmTC_7d668 -rdynamic -lpthreads 
/usr/bin/ld: cannot find -lpthreads
collect2: error: ld returned 1 exit status
CMakeFiles/cmTC_7d668.dir/build.make:97: recipe for target 'cmTC_7d668' failed
make[1]: *** [cmTC_7d668] Error 1
make[1]: Leaving directory '/home/nicolas_b/ros_ws/src/robot_arm_ctrl/CMakeFiles/CMakeTmp'
Makefile:126: recipe for target 'cmTC_7d668/fast' failed
make: *** [cmTC_7d668/fast] Error 2


